<?xml version="1.0" encoding="UTF-8"?>
<!-- Generated by org.testng.reporters.JUnitReportReporter -->
<testsuite skipped="0" hostname="LAPTOP-N0G0NBDP" name="parallelTesting.SwipeTest" tests="1" failures="0" timestamp="28 Mar 2021 03:09:47 GMT" time="25.834" errors="0">
  <testcase name="setup" time="25.834" classname="parallelTesting.SwipeTest"/>
</testsuite> <!-- parallelTesting.SwipeTest -->
