<?xml version="1.0" encoding="UTF-8"?>
<!-- Generated by org.testng.reporters.JUnitReportReporter -->
<testsuite skipped="0" hostname="LAPTOP-N0G0NBDP" name="appiumScripts.AnnotationsTestNGDemo" tests="2" failures="0" timestamp="28 Mar 2021 02:05:31 GMT" time="0.013" errors="0">
  <testcase name="locationTest" time="0.010" classname="appiumScripts.AnnotationsTestNGDemo"/>
  <testcase name="orderTest" time="0.003" classname="appiumScripts.AnnotationsTestNGDemo"/>
</testsuite> <!-- appiumScripts.AnnotationsTestNGDemo -->
